<?xml version="1.0" encoding="UTF-8"?>
<testng-results ignored="0" total="1" passed="1" failed="0" skipped="0">
  <reporter-output>
    <line>
      <![CDATA[Browser is launched with amazon link]]>
    </line>
    <line>
      <![CDATA[Howover on Accounts and list]]>
    </line>
    <line>
      <![CDATA[Clicked on signIn ]]>
    </line>
    <line>
      <![CDATA[Clicked on SignIn after entering username and password]]>
    </line>
    <line>
      <![CDATA[User navigated to Your Profile page]]>
    </line>
    <line>
      <![CDATA[User updated values![176 cm, 80 kg]]]>
    </line>
    <line>
      <![CDATA[Profile edit done test case passed!]]>
    </line>
    <line>
      <![CDATA[Test Case Passed]]>
    </line>
  </reporter-output>
  <suite started-at="2025-05-12T09:47:50 IST" name="Suite" finished-at="2025-05-12T09:48:30 IST" duration-ms="40292">
    <groups>
    </groups>
    <test started-at="2025-05-12T09:47:50 IST" name="Test" finished-at="2025-05-12T09:48:30 IST" duration-ms="40292">
      <class name="practiceProject.TestCase4_ProfileEdit">
        <test-method is-config="true" signature="launchBrowser(java.lang.String)[pri:0, instance:practiceProject.TestCase4_ProfileEdit@34e9fd99]" started-at="2025-05-12T09:47:50 IST" name="launchBrowser" finished-at="2025-05-12T09:48:09 IST" duration-ms="18755" status="PASS">
          <params>
            <param index="0">
              <value>
                <![CDATA[chrome]]>
              </value>
            </param>
          </params>
          <reporter-output>
          </reporter-output>
        </test-method> <!-- launchBrowser -->
        <test-method signature="TC04_EditUserHeightWeight()[pri:1, instance:practiceProject.TestCase4_ProfileEdit@34e9fd99]" started-at="2025-05-12T09:48:09 IST" name="TC04_EditUserHeightWeight" finished-at="2025-05-12T09:48:29 IST" duration-ms="20374" status="PASS">
          <reporter-output>
            <line>
              <![CDATA[Browser is launched with amazon link]]>
            </line>
            <line>
              <![CDATA[Howover on Accounts and list]]>
            </line>
            <line>
              <![CDATA[Clicked on signIn ]]>
            </line>
            <line>
              <![CDATA[Clicked on SignIn after entering username and password]]>
            </line>
            <line>
              <![CDATA[User navigated to Your Profile page]]>
            </line>
            <line>
              <![CDATA[User updated values![176 cm, 80 kg]]]>
            </line>
            <line>
              <![CDATA[Profile edit done test case passed!]]>
            </line>
            <line>
              <![CDATA[Test Case Passed]]>
            </line>
          </reporter-output>
        </test-method> <!-- TC04_EditUserHeightWeight -->
        <test-method is-config="true" signature="quitBrowser()[pri:0, instance:practiceProject.TestCase4_ProfileEdit@34e9fd99]" started-at="2025-05-12T09:48:30 IST" name="quitBrowser" finished-at="2025-05-12T09:48:30 IST" duration-ms="644" status="PASS">
          <reporter-output>
          </reporter-output>
        </test-method> <!-- quitBrowser -->
      </class> <!-- practiceProject.TestCase4_ProfileEdit -->
    </test> <!-- Test -->
  </suite> <!-- Suite -->
</testng-results>
